{"/Users/lena_imkenova/Documents/GitHub/Demo/src/AddSubjectModal.js": {"path":"/Users/lena_imkenova/Documents/GitHub/Demo/src/AddSubjectModal.js","statementMap":{"0":{"start":{"line":7,"column":29},"end":{"line":7,"column":41}},"1":{"start":{"line":8,"column":37},"end":{"line":8,"column":49}},"2":{"start":{"line":11,"column":8},"end":{"line":11,"column":27}},"3":{"start":{"line":12,"column":8},"end":{"line":18,"column":9}},"4":{"start":{"line":13,"column":12},"end":{"line":13,"column":104}},"5":{"start":{"line":14,"column":12},"end":{"line":14,"column":41}},"6":{"start":{"line":15,"column":12},"end":{"line":15,"column":28}},"7":{"start":{"line":17,"column":12},"end":{"line":17,"column":90}},"8":{"start":{"line":22,"column":8},"end":{"line":22,"column":27}},"9":{"start":{"line":26,"column":8},"end":{"line":26,"column":37}},"10":{"start":{"line":27,"column":8},"end":{"line":27,"column":24}},"11":{"start":{"line":31,"column":8},"end":{"line":33,"column":9}},"12":{"start":{"line":32,"column":12},"end":{"line":32,"column":25}},"13":{"start":{"line":36,"column":4},"end":{"line":56,"column":19}},"14":{"start":{"line":37,"column":8},"end":{"line":54,"column":9}},"15":{"start":{"line":44,"column":32},"end":{"line":44,"column":56}},"16":{"start":{"line":56,"column":8},"end":{"line":56,"column":19}}},"fnMap":{"0":{"name":"AddSubjectModal","decl":{"start":{"line":5,"column":9},"end":{"line":5,"column":24}},"loc":{"start":{"line":5,"column":32},"end":{"line":57,"column":1}},"line":5},"1":{"name":"addSubject","decl":{"start":{"line":10,"column":13},"end":{"line":10,"column":23}},"loc":{"start":{"line":10,"column":27},"end":{"line":19,"column":5}},"line":10},"2":{"name":"preventHiding","decl":{"start":{"line":21,"column":13},"end":{"line":21,"column":26}},"loc":{"start":{"line":21,"column":30},"end":{"line":23,"column":5}},"line":21},"3":{"name":"hideModal","decl":{"start":{"line":25,"column":13},"end":{"line":25,"column":22}},"loc":{"start":{"line":25,"column":26},"end":{"line":28,"column":5}},"line":25},"4":{"name":"keyPress","decl":{"start":{"line":30,"column":13},"end":{"line":30,"column":21}},"loc":{"start":{"line":30,"column":24},"end":{"line":34,"column":5}},"line":30},"5":{"name":"(anonymous_5)","decl":{"start":{"line":43,"column":130},"end":{"line":43,"column":131}},"loc":{"start":{"line":43,"column":137},"end":{"line":45,"column":29}},"line":43}},"branchMap":{"0":{"loc":{"start":{"line":12,"column":8},"end":{"line":18,"column":9}},"type":"if","locations":[{"start":{"line":12,"column":8},"end":{"line":18,"column":9}},{"start":{"line":12,"column":8},"end":{"line":18,"column":9}}],"line":12},"1":{"loc":{"start":{"line":12,"column":12},"end":{"line":12,"column":108}},"type":"binary-expr","locations":[{"start":{"line":12,"column":12},"end":{"line":12,"column":47}},{"start":{"line":12,"column":51},"end":{"line":12,"column":108}}],"line":12},"2":{"loc":{"start":{"line":31,"column":8},"end":{"line":33,"column":9}},"type":"if","locations":[{"start":{"line":31,"column":8},"end":{"line":33,"column":9}},{"start":{"line":31,"column":8},"end":{"line":33,"column":9}}],"line":31},"3":{"loc":{"start":{"line":36,"column":4},"end":{"line":56,"column":19}},"type":"if","locations":[{"start":{"line":36,"column":4},"end":{"line":56,"column":19}},{"start":{"line":36,"column":4},"end":{"line":56,"column":19}}],"line":36},"4":{"loc":{"start":{"line":46,"column":29},"end":{"line":46,"column":96}},"type":"binary-expr","locations":[{"start":{"line":46,"column":29},"end":{"line":46,"column":48}},{"start":{"line":46,"column":52},"end":{"line":46,"column":96}}],"line":46}},"s":{"0":1,"1":1,"2":0,"3":0,"4":0,"5":0,"6":0,"7":0,"8":0,"9":0,"10":0,"11":0,"12":0,"13":1,"14":0,"15":0,"16":1},"f":{"0":1,"1":0,"2":0,"3":0,"4":0,"5":0},"b":{"0":[0,0],"1":[0,0],"2":[0,0],"3":[0,1],"4":[0,0]},"_coverageSchema":"1a1c01bbd47fc00a2c39e90264f33305004495a9","hash":"4e96a1bbfdcb4ae6ed4c0b7b0daf907ad93e9f96"}
,"/Users/lena_imkenova/Documents/GitHub/Demo/src/App.js": {"path":"/Users/lena_imkenova/Documents/GitHub/Demo/src/App.js","statementMap":{"0":{"start":{"line":8,"column":22},"end":{"line":8,"column":32}},"1":{"start":{"line":9,"column":24},"end":{"line":9,"column":124}},"2":{"start":{"line":10,"column":4},"end":{"line":17,"column":5}},"3":{"start":{"line":11,"column":22},"end":{"line":11,"column":24}},"4":{"start":{"line":12,"column":8},"end":{"line":12,"column":43}},"5":{"start":{"line":13,"column":8},"end":{"line":13,"column":44}},"6":{"start":{"line":14,"column":8},"end":{"line":14,"column":47}},"7":{"start":{"line":15,"column":8},"end":{"line":15,"column":63}},"8":{"start":{"line":16,"column":8},"end":{"line":16,"column":36}},"9":{"start":{"line":19,"column":4},"end":{"line":22,"column":5}},"10":{"start":{"line":20,"column":8},"end":{"line":20,"column":53}},"11":{"start":{"line":21,"column":8},"end":{"line":21,"column":50}},"12":{"start":{"line":24,"column":51},"end":{"line":24,"column":63}},"13":{"start":{"line":26,"column":4},"end":{"line":32,"column":6}},"14":{"start":{"line":27,"column":55},"end":{"line":27,"column":73}}},"fnMap":{"0":{"name":"App","decl":{"start":{"line":6,"column":9},"end":{"line":6,"column":12}},"loc":{"start":{"line":6,"column":15},"end":{"line":33,"column":1}},"line":6},"1":{"name":"(anonymous_1)","decl":{"start":{"line":27,"column":50},"end":{"line":27,"column":51}},"loc":{"start":{"line":27,"column":55},"end":{"line":27,"column":73}},"line":27}},"branchMap":{"0":{"loc":{"start":{"line":9,"column":24},"end":{"line":9,"column":124}},"type":"cond-expr","locations":[{"start":{"line":9,"column":64},"end":{"line":9,"column":80}},{"start":{"line":9,"column":83},"end":{"line":9,"column":124}}],"line":9},"1":{"loc":{"start":{"line":10,"column":4},"end":{"line":17,"column":5}},"type":"if","locations":[{"start":{"line":10,"column":4},"end":{"line":17,"column":5}},{"start":{"line":10,"column":4},"end":{"line":17,"column":5}}],"line":10},"2":{"loc":{"start":{"line":10,"column":8},"end":{"line":10,"column":177}},"type":"binary-expr","locations":[{"start":{"line":10,"column":8},"end":{"line":10,"column":34}},{"start":{"line":10,"column":38},"end":{"line":10,"column":84}},{"start":{"line":10,"column":88},"end":{"line":10,"column":131}},{"start":{"line":10,"column":135},"end":{"line":10,"column":177}}],"line":10},"3":{"loc":{"start":{"line":19,"column":4},"end":{"line":22,"column":5}},"type":"if","locations":[{"start":{"line":19,"column":4},"end":{"line":22,"column":5}},{"start":{"line":19,"column":4},"end":{"line":22,"column":5}}],"line":19}},"s":{"0":1,"1":1,"2":1,"3":1,"4":1,"5":1,"6":1,"7":1,"8":1,"9":1,"10":1,"11":1,"12":1,"13":1,"14":0},"f":{"0":1,"1":0},"b":{"0":[1,0],"1":[1,0],"2":[1,0,0,0],"3":[1,0]},"_coverageSchema":"1a1c01bbd47fc00a2c39e90264f33305004495a9","hash":"ca81291d4e67f461e3861777c0a7d328679c6f78"}
,"/Users/lena_imkenova/Documents/GitHub/Demo/src/ContextMenu.js": {"path":"/Users/lena_imkenova/Documents/GitHub/Demo/src/ContextMenu.js","statementMap":{"0":{"start":{"line":6,"column":16},"end":{"line":9,"column":5}},"1":{"start":{"line":12,"column":8},"end":{"line":12,"column":31}},"2":{"start":{"line":16,"column":8},"end":{"line":16,"column":27}},"3":{"start":{"line":18,"column":8},"end":{"line":18,"column":37}},"4":{"start":{"line":20,"column":25},"end":{"line":20,"column":58}},"5":{"start":{"line":21,"column":8},"end":{"line":21,"column":89}},"6":{"start":{"line":21,"column":46},"end":{"line":21,"column":88}},"7":{"start":{"line":22,"column":8},"end":{"line":22,"column":58}},"8":{"start":{"line":24,"column":8},"end":{"line":24,"column":57}},"9":{"start":{"line":25,"column":8},"end":{"line":25,"column":40}},"10":{"start":{"line":26,"column":8},"end":{"line":26,"column":61}},"11":{"start":{"line":28,"column":8},"end":{"line":28,"column":31}},"12":{"start":{"line":31,"column":4},"end":{"line":45,"column":17}},"13":{"start":{"line":32,"column":8},"end":{"line":43,"column":9}},"14":{"start":{"line":34,"column":89},"end":{"line":34,"column":107}},"15":{"start":{"line":45,"column":8},"end":{"line":45,"column":17}}},"fnMap":{"0":{"name":"ContextMenu","decl":{"start":{"line":4,"column":9},"end":{"line":4,"column":20}},"loc":{"start":{"line":4,"column":28},"end":{"line":46,"column":1}},"line":4},"1":{"name":"hideMenu","decl":{"start":{"line":11,"column":13},"end":{"line":11,"column":21}},"loc":{"start":{"line":11,"column":24},"end":{"line":13,"column":5}},"line":11},"2":{"name":"removeNow","decl":{"start":{"line":15,"column":13},"end":{"line":15,"column":22}},"loc":{"start":{"line":15,"column":26},"end":{"line":29,"column":5}},"line":15},"3":{"name":"(anonymous_3)","decl":{"start":{"line":21,"column":39},"end":{"line":21,"column":40}},"loc":{"start":{"line":21,"column":46},"end":{"line":21,"column":88}},"line":21},"4":{"name":"(anonymous_4)","decl":{"start":{"line":34,"column":82},"end":{"line":34,"column":83}},"loc":{"start":{"line":34,"column":89},"end":{"line":34,"column":107}},"line":34}},"branchMap":{"0":{"loc":{"start":{"line":31,"column":4},"end":{"line":45,"column":17}},"type":"if","locations":[{"start":{"line":31,"column":4},"end":{"line":45,"column":17}},{"start":{"line":31,"column":4},"end":{"line":45,"column":17}}],"line":31}},"s":{"0":1,"1":0,"2":0,"3":0,"4":0,"5":0,"6":0,"7":0,"8":0,"9":0,"10":0,"11":0,"12":1,"13":0,"14":0,"15":1},"f":{"0":1,"1":0,"2":0,"3":0,"4":0},"b":{"0":[0,1]},"_coverageSchema":"1a1c01bbd47fc00a2c39e90264f33305004495a9","hash":"4d0cb5cc45a87c8ffabb7037055e0d5f3164d91f"}
,"/Users/lena_imkenova/Documents/GitHub/Demo/src/Header.js": {"path":"/Users/lena_imkenova/Documents/GitHub/Demo/src/Header.js","statementMap":{"0":{"start":{"line":7,"column":21},"end":{"line":7,"column":53}},"1":{"start":{"line":13,"column":4},"end":{"line":26,"column":17}}},"fnMap":{"0":{"name":"Header","decl":{"start":{"line":5,"column":9},"end":{"line":5,"column":15}},"loc":{"start":{"line":5,"column":18},"end":{"line":27,"column":1}},"line":5}},"branchMap":{},"s":{"0":1,"1":1},"f":{"0":1},"b":{},"_coverageSchema":"1a1c01bbd47fc00a2c39e90264f33305004495a9","hash":"bb90c70d61810f91cac6b22254c221018d803cb7"}
,"/Users/lena_imkenova/Documents/GitHub/Demo/src/Post.js": {"path":"/Users/lena_imkenova/Documents/GitHub/Demo/src/Post.js","statementMap":{"0":{"start":{"line":6,"column":37},"end":{"line":6,"column":49}},"1":{"start":{"line":7,"column":39},"end":{"line":7,"column":54}},"2":{"start":{"line":9,"column":19},"end":{"line":9,"column":42}},"3":{"start":{"line":11,"column":18},"end":{"line":11,"column":128}},"4":{"start":{"line":12,"column":20},"end":{"line":12,"column":151}},"5":{"start":{"line":13,"column":19},"end":{"line":13,"column":132}},"6":{"start":{"line":14,"column":21},"end":{"line":14,"column":140}},"7":{"start":{"line":16,"column":21},"end":{"line":16,"column":113}},"8":{"start":{"line":18,"column":21},"end":{"line":18,"column":23}},"9":{"start":{"line":20,"column":4},"end":{"line":22,"column":5}},"10":{"start":{"line":21,"column":8},"end":{"line":21,"column":126}},"11":{"start":{"line":25,"column":25},"end":{"line":25,"column":58}},"12":{"start":{"line":26,"column":8},"end":{"line":26,"column":63}},"13":{"start":{"line":26,"column":49},"end":{"line":26,"column":62}},"14":{"start":{"line":27,"column":8},"end":{"line":27,"column":58}},"15":{"start":{"line":28,"column":8},"end":{"line":28,"column":37}},"16":{"start":{"line":32,"column":8},"end":{"line":37,"column":9}},"17":{"start":{"line":33,"column":29},"end":{"line":33,"column":62}},"18":{"start":{"line":34,"column":12},"end":{"line":34,"column":46}},"19":{"start":{"line":35,"column":12},"end":{"line":35,"column":62}},"20":{"start":{"line":36,"column":12},"end":{"line":36,"column":41}},"21":{"start":{"line":38,"column":8},"end":{"line":38,"column":33}},"22":{"start":{"line":42,"column":25},"end":{"line":42,"column":58}},"23":{"start":{"line":43,"column":8},"end":{"line":43,"column":97}},"24":{"start":{"line":44,"column":8},"end":{"line":44,"column":58}},"25":{"start":{"line":45,"column":8},"end":{"line":45,"column":37}},"26":{"start":{"line":49,"column":8},"end":{"line":52,"column":9}},"27":{"start":{"line":50,"column":12},"end":{"line":50,"column":30}},"28":{"start":{"line":51,"column":12},"end":{"line":51,"column":22}},"29":{"start":{"line":55,"column":4},"end":{"line":75,"column":5}},"30":{"start":{"line":59,"column":70},"end":{"line":59,"column":98}},"31":{"start":{"line":59,"column":117},"end":{"line":59,"column":145}}},"fnMap":{"0":{"name":"Post","decl":{"start":{"line":4,"column":9},"end":{"line":4,"column":13}},"loc":{"start":{"line":4,"column":20},"end":{"line":76,"column":1}},"line":4},"1":{"name":"removePost","decl":{"start":{"line":24,"column":13},"end":{"line":24,"column":23}},"loc":{"start":{"line":24,"column":25},"end":{"line":29,"column":5}},"line":24},"2":{"name":"(anonymous_2)","decl":{"start":{"line":26,"column":39},"end":{"line":26,"column":40}},"loc":{"start":{"line":26,"column":49},"end":{"line":26,"column":62}},"line":26},"3":{"name":"editPost","decl":{"start":{"line":31,"column":13},"end":{"line":31,"column":21}},"loc":{"start":{"line":31,"column":23},"end":{"line":39,"column":5}},"line":31},"4":{"name":"markAsDone","decl":{"start":{"line":41,"column":13},"end":{"line":41,"column":23}},"loc":{"start":{"line":41,"column":25},"end":{"line":46,"column":5}},"line":41},"5":{"name":"enterTextareaHandling","decl":{"start":{"line":48,"column":13},"end":{"line":48,"column":34}},"loc":{"start":{"line":48,"column":37},"end":{"line":53,"column":5}},"line":48},"6":{"name":"(anonymous_6)","decl":{"start":{"line":59,"column":62},"end":{"line":59,"column":63}},"loc":{"start":{"line":59,"column":69},"end":{"line":59,"column":99}},"line":59},"7":{"name":"(anonymous_7)","decl":{"start":{"line":59,"column":111},"end":{"line":59,"column":112}},"loc":{"start":{"line":59,"column":116},"end":{"line":59,"column":146}},"line":59}},"branchMap":{"0":{"loc":{"start":{"line":11,"column":18},"end":{"line":11,"column":128}},"type":"cond-expr","locations":[{"start":{"line":11,"column":61},"end":{"line":11,"column":96}},{"start":{"line":11,"column":99},"end":{"line":11,"column":128}}],"line":11},"1":{"loc":{"start":{"line":12,"column":20},"end":{"line":12,"column":151}},"type":"cond-expr","locations":[{"start":{"line":12,"column":70},"end":{"line":12,"column":112}},{"start":{"line":12,"column":115},"end":{"line":12,"column":151}}],"line":12},"2":{"loc":{"start":{"line":13,"column":19},"end":{"line":13,"column":132}},"type":"cond-expr","locations":[{"start":{"line":13,"column":63},"end":{"line":13,"column":99}},{"start":{"line":13,"column":102},"end":{"line":13,"column":132}}],"line":13},"3":{"loc":{"start":{"line":14,"column":21},"end":{"line":14,"column":140}},"type":"cond-expr","locations":[{"start":{"line":14,"column":67},"end":{"line":14,"column":105}},{"start":{"line":14,"column":108},"end":{"line":14,"column":140}}],"line":14},"4":{"loc":{"start":{"line":20,"column":4},"end":{"line":22,"column":5}},"type":"if","locations":[{"start":{"line":20,"column":4},"end":{"line":22,"column":5}},{"start":{"line":20,"column":4},"end":{"line":22,"column":5}}],"line":20},"5":{"loc":{"start":{"line":32,"column":8},"end":{"line":37,"column":9}},"type":"if","locations":[{"start":{"line":32,"column":8},"end":{"line":37,"column":9}},{"start":{"line":32,"column":8},"end":{"line":37,"column":9}}],"line":32},"6":{"loc":{"start":{"line":43,"column":34},"end":{"line":43,"column":97}},"type":"cond-expr","locations":[{"start":{"line":43,"column":81},"end":{"line":43,"column":88}},{"start":{"line":43,"column":91},"end":{"line":43,"column":97}}],"line":43},"7":{"loc":{"start":{"line":49,"column":8},"end":{"line":52,"column":9}},"type":"if","locations":[{"start":{"line":49,"column":8},"end":{"line":52,"column":9}},{"start":{"line":49,"column":8},"end":{"line":52,"column":9}}],"line":49},"8":{"loc":{"start":{"line":56,"column":53},"end":{"line":56,"column":111}},"type":"cond-expr","locations":[{"start":{"line":56,"column":90},"end":{"line":56,"column":106}},{"start":{"line":56,"column":109},"end":{"line":56,"column":111}}],"line":56},"9":{"loc":{"start":{"line":58,"column":45},"end":{"line":58,"column":109}},"type":"cond-expr","locations":[{"start":{"line":58,"column":83},"end":{"line":58,"column":95}},{"start":{"line":58,"column":98},"end":{"line":58,"column":109}}],"line":58},"10":{"loc":{"start":{"line":59,"column":21},"end":{"line":59,"column":222}},"type":"binary-expr","locations":[{"start":{"line":59,"column":21},"end":{"line":59,"column":29}},{"start":{"line":59,"column":33},"end":{"line":59,"column":222}}],"line":59},"11":{"loc":{"start":{"line":60,"column":21},"end":{"line":60,"column":44}},"type":"binary-expr","locations":[{"start":{"line":60,"column":21},"end":{"line":60,"column":30}},{"start":{"line":60,"column":34},"end":{"line":60,"column":44}}],"line":60},"12":{"loc":{"start":{"line":61,"column":21},"end":{"line":61,"column":47}},"type":"binary-expr","locations":[{"start":{"line":61,"column":21},"end":{"line":61,"column":30}},{"start":{"line":61,"column":34},"end":{"line":61,"column":47}}],"line":61},"13":{"loc":{"start":{"line":68,"column":76},"end":{"line":68,"column":139}},"type":"cond-expr","locations":[{"start":{"line":68,"column":113},"end":{"line":68,"column":126}},{"start":{"line":68,"column":129},"end":{"line":68,"column":139}}],"line":68},"14":{"loc":{"start":{"line":69,"column":74},"end":{"line":69,"column":114}},"type":"cond-expr","locations":[{"start":{"line":69,"column":85},"end":{"line":69,"column":96}},{"start":{"line":69,"column":99},"end":{"line":69,"column":114}}],"line":69}},"s":{"0":0,"1":0,"2":0,"3":0,"4":0,"5":0,"6":0,"7":0,"8":0,"9":0,"10":0,"11":0,"12":0,"13":0,"14":0,"15":0,"16":0,"17":0,"18":0,"19":0,"20":0,"21":0,"22":0,"23":0,"24":0,"25":0,"26":0,"27":0,"28":0,"29":0,"30":0,"31":0},"f":{"0":0,"1":0,"2":0,"3":0,"4":0,"5":0,"6":0,"7":0},"b":{"0":[0,0],"1":[0,0],"2":[0,0],"3":[0,0],"4":[0,0],"5":[0,0],"6":[0,0],"7":[0,0],"8":[0,0],"9":[0,0],"10":[0,0],"11":[0,0],"12":[0,0],"13":[0,0],"14":[0,0]},"_coverageSchema":"1a1c01bbd47fc00a2c39e90264f33305004495a9","hash":"b7845cc51278539e006bffc46579ff77a765c90e"}
,"/Users/lena_imkenova/Documents/GitHub/Demo/src/SubjectContent.js": {"path":"/Users/lena_imkenova/Documents/GitHub/Demo/src/SubjectContent.js","statementMap":{"0":{"start":{"line":8,"column":24},"end":{"line":8,"column":26}},"1":{"start":{"line":10,"column":33},"end":{"line":10,"column":44}},"2":{"start":{"line":12,"column":4},"end":{"line":20,"column":5}},"3":{"start":{"line":13,"column":8},"end":{"line":19,"column":10}},"4":{"start":{"line":14,"column":12},"end":{"line":18,"column":13}},"5":{"start":{"line":15,"column":16},"end":{"line":17,"column":17}},"6":{"start":{"line":23,"column":8},"end":{"line":23,"column":142}},"7":{"start":{"line":24,"column":8},"end":{"line":24,"column":30}},"8":{"start":{"line":27,"column":4},"end":{"line":50,"column":5}},"9":{"start":{"line":28,"column":8},"end":{"line":37,"column":9}},"10":{"start":{"line":39,"column":8},"end":{"line":49,"column":9}}},"fnMap":{"0":{"name":"SubjectContent","decl":{"start":{"line":6,"column":9},"end":{"line":6,"column":23}},"loc":{"start":{"line":6,"column":31},"end":{"line":51,"column":1}},"line":6},"1":{"name":"(anonymous_1)","decl":{"start":{"line":13,"column":62},"end":{"line":13,"column":63}},"loc":{"start":{"line":13,"column":72},"end":{"line":19,"column":9}},"line":13},"2":{"name":"addPost","decl":{"start":{"line":22,"column":13},"end":{"line":22,"column":20}},"loc":{"start":{"line":22,"column":23},"end":{"line":25,"column":5}},"line":22}},"branchMap":{"0":{"loc":{"start":{"line":12,"column":4},"end":{"line":20,"column":5}},"type":"if","locations":[{"start":{"line":12,"column":4},"end":{"line":20,"column":5}},{"start":{"line":12,"column":4},"end":{"line":20,"column":5}}],"line":12},"1":{"loc":{"start":{"line":14,"column":12},"end":{"line":18,"column":13}},"type":"if","locations":[{"start":{"line":14,"column":12},"end":{"line":18,"column":13}},{"start":{"line":14,"column":12},"end":{"line":18,"column":13}}],"line":14},"2":{"loc":{"start":{"line":27,"column":4},"end":{"line":50,"column":5}},"type":"if","locations":[{"start":{"line":27,"column":4},"end":{"line":50,"column":5}},{"start":{"line":27,"column":4},"end":{"line":50,"column":5}}],"line":27}},"s":{"0":1,"1":1,"2":1,"3":0,"4":0,"5":0,"6":0,"7":0,"8":1,"9":1,"10":0},"f":{"0":1,"1":0,"2":0},"b":{"0":[0,1],"1":[0,0],"2":[1,0]},"_coverageSchema":"1a1c01bbd47fc00a2c39e90264f33305004495a9","hash":"f4a6c255e3fbf73dee7629e4cf165895153103a3"}
,"/Users/lena_imkenova/Documents/GitHub/Demo/src/SubjectMenu.js": {"path":"/Users/lena_imkenova/Documents/GitHub/Demo/src/SubjectMenu.js","statementMap":{"0":{"start":{"line":9,"column":44},"end":{"line":9,"column":59}},"1":{"start":{"line":10,"column":55},"end":{"line":10,"column":70}},"2":{"start":{"line":11,"column":73},"end":{"line":11,"column":85}},"3":{"start":{"line":12,"column":59},"end":{"line":12,"column":75}},"4":{"start":{"line":14,"column":19},"end":{"line":14,"column":55}},"5":{"start":{"line":18,"column":8},"end":{"line":18,"column":29}},"6":{"start":{"line":22,"column":8},"end":{"line":22,"column":36}},"7":{"start":{"line":25,"column":4},"end":{"line":44,"column":6}},"8":{"start":{"line":26,"column":8},"end":{"line":43,"column":13}},"9":{"start":{"line":27,"column":12},"end":{"line":43,"column":13}},"10":{"start":{"line":30,"column":24},"end":{"line":30,"column":43}},"11":{"start":{"line":31,"column":24},"end":{"line":31,"column":58}},"12":{"start":{"line":32,"column":24},"end":{"line":32,"column":71}},"13":{"start":{"line":33,"column":24},"end":{"line":33,"column":51}},"14":{"start":{"line":35,"column":24},"end":{"line":35,"column":40}},"15":{"start":{"line":46,"column":4},"end":{"line":64,"column":5}}},"fnMap":{"0":{"name":"SubjectMenu","decl":{"start":{"line":7,"column":9},"end":{"line":7,"column":20}},"loc":{"start":{"line":7,"column":28},"end":{"line":65,"column":1}},"line":7},"1":{"name":"switchModal","decl":{"start":{"line":17,"column":13},"end":{"line":17,"column":24}},"loc":{"start":{"line":17,"column":27},"end":{"line":19,"column":5}},"line":17},"2":{"name":"selectSubject","decl":{"start":{"line":21,"column":13},"end":{"line":21,"column":26}},"loc":{"start":{"line":21,"column":30},"end":{"line":23,"column":5}},"line":21},"3":{"name":"(anonymous_3)","decl":{"start":{"line":25,"column":36},"end":{"line":25,"column":37}},"loc":{"start":{"line":25,"column":46},"end":{"line":44,"column":5}},"line":25},"4":{"name":"(anonymous_4)","decl":{"start":{"line":29,"column":107},"end":{"line":29,"column":108}},"loc":{"start":{"line":29,"column":114},"end":{"line":34,"column":21}},"line":29},"5":{"name":"(anonymous_5)","decl":{"start":{"line":34,"column":32},"end":{"line":34,"column":33}},"loc":{"start":{"line":34,"column":38},"end":{"line":36,"column":21}},"line":34}},"branchMap":{"0":{"loc":{"start":{"line":26,"column":8},"end":{"line":43,"column":13}},"type":"if","locations":[{"start":{"line":26,"column":8},"end":{"line":43,"column":13}},{"start":{"line":26,"column":8},"end":{"line":43,"column":13}}],"line":26},"1":{"loc":{"start":{"line":38,"column":77},"end":{"line":38,"column":119}},"type":"cond-expr","locations":[{"start":{"line":38,"column":106},"end":{"line":38,"column":114}},{"start":{"line":38,"column":117},"end":{"line":38,"column":119}}],"line":38}},"s":{"0":1,"1":1,"2":1,"3":1,"4":1,"5":0,"6":0,"7":1,"8":0,"9":0,"10":0,"11":0,"12":0,"13":0,"14":0,"15":1},"f":{"0":1,"1":0,"2":0,"3":0,"4":0,"5":0},"b":{"0":[0,0],"1":[0,0]},"_coverageSchema":"1a1c01bbd47fc00a2c39e90264f33305004495a9","hash":"b9158832f1d430b54944a971d96a19c6a46e38e4"}
,"/Users/lena_imkenova/Documents/GitHub/Demo/src/index.js": {"path":"/Users/lena_imkenova/Documents/GitHub/Demo/src/index.js","statementMap":{"0":{"start":{"line":6,"column":0},"end":{"line":11,"column":2}},"1":{"start":{"line":16,"column":0},"end":{"line":16,"column":18}}},"fnMap":{},"branchMap":{},"s":{"0":0,"1":0},"f":{},"b":{}}
,"/Users/lena_imkenova/Documents/GitHub/Demo/src/reportWebVitals.js": {"path":"/Users/lena_imkenova/Documents/GitHub/Demo/src/reportWebVitals.js","statementMap":{"0":{"start":{"line":1,"column":24},"end":{"line":11,"column":1}},"1":{"start":{"line":2,"column":2},"end":{"line":10,"column":3}},"2":{"start":{"line":3,"column":4},"end":{"line":9,"column":7}},"3":{"start":{"line":4,"column":6},"end":{"line":4,"column":26}},"4":{"start":{"line":5,"column":6},"end":{"line":5,"column":26}},"5":{"start":{"line":6,"column":6},"end":{"line":6,"column":26}},"6":{"start":{"line":7,"column":6},"end":{"line":7,"column":26}},"7":{"start":{"line":8,"column":6},"end":{"line":8,"column":27}}},"fnMap":{"0":{"name":"(anonymous_0)","decl":{"start":{"line":1,"column":24},"end":{"line":1,"column":25}},"loc":{"start":{"line":1,"column":39},"end":{"line":11,"column":1}},"line":1},"1":{"name":"(anonymous_1)","decl":{"start":{"line":3,"column":30},"end":{"line":3,"column":31}},"loc":{"start":{"line":3,"column":79},"end":{"line":9,"column":5}},"line":3}},"branchMap":{"0":{"loc":{"start":{"line":2,"column":2},"end":{"line":10,"column":3}},"type":"if","locations":[{"start":{"line":2,"column":2},"end":{"line":10,"column":3}},{"start":{"line":2,"column":2},"end":{"line":10,"column":3}}],"line":2},"1":{"loc":{"start":{"line":2,"column":6},"end":{"line":2,"column":52}},"type":"binary-expr","locations":[{"start":{"line":2,"column":6},"end":{"line":2,"column":17}},{"start":{"line":2,"column":21},"end":{"line":2,"column":52}}],"line":2}},"s":{"0":0,"1":0,"2":0,"3":0,"4":0,"5":0,"6":0,"7":0},"f":{"0":0,"1":0},"b":{"0":[0,0],"1":[0,0]}}
}
