{"/Users/lena_imkenova/Documents/GitHub/Demo/src/App.js": {"path":"/Users/lena_imkenova/Documents/GitHub/Demo/src/App.js","statementMap":{"0":{"start":{"line":8,"column":22},"end":{"line":8,"column":32}},"1":{"start":{"line":9,"column":24},"end":{"line":9,"column":124}},"2":{"start":{"line":10,"column":4},"end":{"line":17,"column":5}},"3":{"start":{"line":11,"column":22},"end":{"line":11,"column":24}},"4":{"start":{"line":12,"column":8},"end":{"line":12,"column":43}},"5":{"start":{"line":13,"column":8},"end":{"line":13,"column":44}},"6":{"start":{"line":14,"column":8},"end":{"line":14,"column":47}},"7":{"start":{"line":15,"column":8},"end":{"line":15,"column":63}},"8":{"start":{"line":16,"column":8},"end":{"line":16,"column":36}},"9":{"start":{"line":19,"column":4},"end":{"line":22,"column":5}},"10":{"start":{"line":20,"column":8},"end":{"line":20,"column":53}},"11":{"start":{"line":21,"column":8},"end":{"line":21,"column":50}},"12":{"start":{"line":24,"column":51},"end":{"line":24,"column":63}},"13":{"start":{"line":26,"column":4},"end":{"line":32,"column":6}},"14":{"start":{"line":27,"column":55},"end":{"line":27,"column":73}}},"fnMap":{"0":{"name":"App","decl":{"start":{"line":6,"column":9},"end":{"line":6,"column":12}},"loc":{"start":{"line":6,"column":15},"end":{"line":33,"column":1}},"line":6},"1":{"name":"(anonymous_1)","decl":{"start":{"line":27,"column":50},"end":{"line":27,"column":51}},"loc":{"start":{"line":27,"column":55},"end":{"line":27,"column":73}},"line":27}},"branchMap":{"0":{"loc":{"start":{"line":9,"column":24},"end":{"line":9,"column":124}},"type":"cond-expr","locations":[{"start":{"line":9,"column":64},"end":{"line":9,"column":80}},{"start":{"line":9,"column":83},"end":{"line":9,"column":124}}],"line":9},"1":{"loc":{"start":{"line":10,"column":4},"end":{"line":17,"column":5}},"type":"if","locations":[{"start":{"line":10,"column":4},"end":{"line":17,"column":5}},{"start":{"line":10,"column":4},"end":{"line":17,"column":5}}],"line":10},"2":{"loc":{"start":{"line":10,"column":8},"end":{"line":10,"column":177}},"type":"binary-expr","locations":[{"start":{"line":10,"column":8},"end":{"line":10,"column":34}},{"start":{"line":10,"column":38},"end":{"line":10,"column":84}},{"start":{"line":10,"column":88},"end":{"line":10,"column":131}},{"start":{"line":10,"column":135},"end":{"line":10,"column":177}}],"line":10},"3":{"loc":{"start":{"line":19,"column":4},"end":{"line":22,"column":5}},"type":"if","locations":[{"start":{"line":19,"column":4},"end":{"line":22,"column":5}},{"start":{"line":19,"column":4},"end":{"line":22,"column":5}}],"line":19}},"s":{"0":1,"1":1,"2":1,"3":1,"4":1,"5":1,"6":1,"7":1,"8":1,"9":1,"10":1,"11":1,"12":1,"13":1,"14":0},"f":{"0":1,"1":0},"b":{"0":[1,0],"1":[1,0],"2":[1,0,0,0],"3":[1,0]},"_coverageSchema":"1a1c01bbd47fc00a2c39e90264f33305004495a9","hash":"ca81291d4e67f461e3861777c0a7d328679c6f78"}
}
