TN:
SF:src/AddSubjectModal.js
FN:5,AddSubjectModal
FN:10,addSubject
FN:21,preventHiding
FN:25,hideModal
FN:30,keyPress
FN:43,(anonymous_5)
FNF:6
FNH:1
FNDA:1,AddSubjectModal
FNDA:0,addSubject
FNDA:0,preventHiding
FNDA:0,hideModal
FNDA:0,keyPress
FNDA:0,(anonymous_5)
DA:7,1
DA:8,1
DA:11,0
DA:12,0
DA:13,0
DA:14,0
DA:15,0
DA:17,0
DA:22,0
DA:26,0
DA:27,0
DA:31,0
DA:32,0
DA:36,1
DA:37,0
DA:44,0
DA:56,1
LF:17
LH:4
BRDA:12,0,0,0
BRDA:12,0,1,0
BRDA:12,1,0,0
BRDA:12,1,1,0
BRDA:31,2,0,0
BRDA:31,2,1,0
BRDA:36,3,0,0
BRDA:36,3,1,1
BRDA:46,4,0,0
BRDA:46,4,1,0
BRF:10
BRH:1
end_of_record
TN:
SF:src/App.js
FN:6,App
FN:27,(anonymous_1)
FNF:2
FNH:1
FNDA:1,App
FNDA:0,(anonymous_1)
DA:8,1
DA:9,1
DA:10,1
DA:11,1
DA:12,1
DA:13,1
DA:14,1
DA:15,1
DA:16,1
DA:19,1
DA:20,1
DA:21,1
DA:24,1
DA:26,1
DA:27,0
LF:15
LH:14
BRDA:9,0,0,1
BRDA:9,0,1,0
BRDA:10,1,0,1
BRDA:10,1,1,0
BRDA:10,2,0,1
BRDA:10,2,1,0
BRDA:10,2,2,0
BRDA:10,2,3,0
BRDA:19,3,0,1
BRDA:19,3,1,0
BRF:10
BRH:4
end_of_record
TN:
SF:src/ContextMenu.js
FN:4,ContextMenu
FN:11,hideMenu
FN:15,removeNow
FN:21,(anonymous_3)
FN:34,(anonymous_4)
FNF:5
FNH:1
FNDA:1,ContextMenu
FNDA:0,hideMenu
FNDA:0,removeNow
FNDA:0,(anonymous_3)
FNDA:0,(anonymous_4)
DA:6,1
DA:12,0
DA:16,0
DA:18,0
DA:20,0
DA:21,0
DA:22,0
DA:24,0
DA:25,0
DA:26,0
DA:28,0
DA:31,1
DA:32,0
DA:34,0
DA:45,1
LF:15
LH:3
BRDA:31,0,0,0
BRDA:31,0,1,1
BRF:2
BRH:1
end_of_record
TN:
SF:src/Header.js
FN:5,Header
FNF:1
FNH:1
FNDA:1,Header
DA:7,1
DA:13,1
LF:2
LH:2
BRF:0
BRH:0
end_of_record
TN:
SF:src/Post.js
FN:4,Post
FN:24,removePost
FN:26,(anonymous_2)
FN:31,editPost
FN:41,markAsDone
FN:48,enterTextareaHandling
FN:59,(anonymous_6)
FN:59,(anonymous_7)
FNF:8
FNH:0
FNDA:0,Post
FNDA:0,removePost
FNDA:0,(anonymous_2)
FNDA:0,editPost
FNDA:0,markAsDone
FNDA:0,enterTextareaHandling
FNDA:0,(anonymous_6)
FNDA:0,(anonymous_7)
DA:6,0
DA:7,0
DA:9,0
DA:11,0
DA:12,0
DA:13,0
DA:14,0
DA:16,0
DA:18,0
DA:20,0
DA:21,0
DA:25,0
DA:26,0
DA:27,0
DA:28,0
DA:32,0
DA:33,0
DA:34,0
DA:35,0
DA:36,0
DA:38,0
DA:42,0
DA:43,0
DA:44,0
DA:45,0
DA:49,0
DA:50,0
DA:51,0
DA:55,0
DA:59,0
LF:30
LH:0
BRDA:11,0,0,0
BRDA:11,0,1,0
BRDA:12,1,0,0
BRDA:12,1,1,0
BRDA:13,2,0,0
BRDA:13,2,1,0
BRDA:14,3,0,0
BRDA:14,3,1,0
BRDA:20,4,0,0
BRDA:20,4,1,0
BRDA:32,5,0,0
BRDA:32,5,1,0
BRDA:43,6,0,0
BRDA:43,6,1,0
BRDA:49,7,0,0
BRDA:49,7,1,0
BRDA:56,8,0,0
BRDA:56,8,1,0
BRDA:58,9,0,0
BRDA:58,9,1,0
BRDA:59,10,0,0
BRDA:59,10,1,0
BRDA:60,11,0,0
BRDA:60,11,1,0
BRDA:61,12,0,0
BRDA:61,12,1,0
BRDA:68,13,0,0
BRDA:68,13,1,0
BRDA:69,14,0,0
BRDA:69,14,1,0
BRF:30
BRH:0
end_of_record
TN:
SF:src/SubjectContent.js
FN:6,SubjectContent
FN:13,(anonymous_1)
FN:22,addPost
FNF:3
FNH:1
FNDA:1,SubjectContent
FNDA:0,(anonymous_1)
FNDA:0,addPost
DA:8,1
DA:10,1
DA:12,1
DA:13,0
DA:14,0
DA:15,0
DA:23,0
DA:24,0
DA:27,1
DA:28,1
DA:39,0
LF:11
LH:5
BRDA:12,0,0,0
BRDA:12,0,1,1
BRDA:14,1,0,0
BRDA:14,1,1,0
BRDA:27,2,0,1
BRDA:27,2,1,0
BRF:6
BRH:2
end_of_record
TN:
SF:src/SubjectMenu.js
FN:7,SubjectMenu
FN:17,switchModal
FN:21,selectSubject
FN:25,(anonymous_3)
FN:29,(anonymous_4)
FN:34,(anonymous_5)
FNF:6
FNH:1
FNDA:1,SubjectMenu
FNDA:0,switchModal
FNDA:0,selectSubject
FNDA:0,(anonymous_3)
FNDA:0,(anonymous_4)
FNDA:0,(anonymous_5)
DA:9,1
DA:10,1
DA:11,1
DA:12,1
DA:14,1
DA:18,0
DA:22,0
DA:25,1
DA:26,0
DA:27,0
DA:30,0
DA:31,0
DA:32,0
DA:33,0
DA:35,0
DA:46,1
LF:16
LH:7
BRDA:26,0,0,0
BRDA:26,0,1,0
BRDA:38,1,0,0
BRDA:38,1,1,0
BRF:4
BRH:0
end_of_record
TN:
SF:src/index.js
FNF:0
FNH:0
DA:6,0
DA:16,0
LF:2
LH:0
BRF:0
BRH:0
end_of_record
TN:
SF:src/reportWebVitals.js
FN:1,(anonymous_0)
FN:3,(anonymous_1)
FNF:2
FNH:0
FNDA:0,(anonymous_0)
FNDA:0,(anonymous_1)
DA:1,0
DA:2,0
DA:3,0
DA:4,0
DA:5,0
DA:6,0
DA:7,0
DA:8,0
LF:8
LH:0
BRDA:2,0,0,0
BRDA:2,0,1,0
BRDA:2,1,0,0
BRDA:2,1,1,0
BRF:4
BRH:0
end_of_record
